
*** Running vivado
    with args -log blinkLed.vdi -applog -m64 -product Vivado -messageDb vivado.pb -mode batch -source blinkLed.tcl -notrace


****** Vivado v2018.2 (64-bit)
  **** SW Build 2258646 on Thu Jun 14 20:02:38 MDT 2018
  **** IP Build 2256618 on Thu Jun 14 22:10:49 MDT 2018
    ** Copyright 1986-2018 Xilinx, Inc. All Rights Reserved.

source blinkLed.tcl -notrace
Command: open_checkpoint /home/andres/ZedBoard-Examples/SimpleButtonLed/SimpleButtonLed.runs/impl_1/blinkLed.dcp

Starting open_checkpoint Task

Time (s): cpu = 00:00:00.11 ; elapsed = 00:00:00.16 . Memory (MB): peak = 1186.270 ; gain = 0.000 ; free physical = 346 ; free virtual = 5282
INFO: [Netlist 29-17] Analyzing 1 Unisim elements for replacement
INFO: [Netlist 29-28] Unisim Transformation completed in 0 CPU seconds
INFO: [Project 1-479] Netlist was created with Vivado 2018.2
INFO: [Device 21-403] Loading part xc7z020clg484-1
INFO: [Project 1-570] Preparing netlist for logic optimization
INFO: [Timing 38-478] Restoring timing data from binary archive.
INFO: [Timing 38-479] Binary timing data restore complete.
INFO: [Project 1-856] Restoring constraints from binary archive.
INFO: [Project 1-853] Binary constraint restore complete.
Reading XDEF placement.
Reading placer database...
Reading XDEF routing.
Read XDEF File: Time (s): cpu = 00:00:00.18 ; elapsed = 00:00:00.34 . Memory (MB): peak = 1853.441 ; gain = 0.000 ; free physical = 121 ; free virtual = 4582
Restored from archive | CPU: 0.320000 secs | Memory: 0.927269 MB |
Finished XDEF File Restore: Time (s): cpu = 00:00:00.18 ; elapsed = 00:00:00.34 . Memory (MB): peak = 1853.441 ; gain = 0.000 ; free physical = 121 ; free virtual = 4582
INFO: [Project 1-111] Unisim Transformation Summary:
No Unisim elements were transformed.

INFO: [Project 1-604] Checkpoint was created with Vivado v2018.2 (64-bit) build 2258646
open_checkpoint: Time (s): cpu = 00:00:38 ; elapsed = 00:01:32 . Memory (MB): peak = 1853.441 ; gain = 667.172 ; free physical = 114 ; free virtual = 4581
Command: opt_design
Attempting to get a license for feature 'Implementation' and/or device 'xc7z020'
INFO: [Common 17-349] Got license for feature 'Implementation' and/or device 'xc7z020'
Running DRC as a precondition to command opt_design

Starting DRC Task
INFO: [DRC 23-27] Running DRC with 4 threads
INFO: [Project 1-461] DRC finished with 0 Errors
INFO: [Project 1-462] Please refer to the DRC report (report_drc) for more information.

Time (s): cpu = 00:00:00.15 ; elapsed = 00:00:00.24 . Memory (MB): peak = 1885.457 ; gain = 32.016 ; free physical = 114 ; free virtual = 4578

Starting Cache Timing Information Task
INFO: [Timing 38-35] Done setting XDC timing constraints.
Ending Cache Timing Information Task | Checksum: 1a9bf7d24

Time (s): cpu = 00:00:00.05 ; elapsed = 00:00:00.08 . Memory (MB): peak = 1885.457 ; gain = 0.000 ; free physical = 124 ; free virtual = 4581

Starting Logic Optimization Task

Phase 1 Retarget
INFO: [Opt 31-138] Pushed 0 inverter(s) to 0 load pin(s).
INFO: [Opt 31-49] Retargeted 0 cell(s).
Phase 1 Retarget | Checksum: 1a9bf7d24

Time (s): cpu = 00:00:00.06 ; elapsed = 00:00:00.10 . Memory (MB): peak = 1885.457 ; gain = 0.000 ; free physical = 119 ; free virtual = 4580
INFO: [Opt 31-389] Phase Retarget created 0 cells and removed 0 cells

Phase 2 Constant propagation
INFO: [Opt 31-138] Pushed 0 inverter(s) to 0 load pin(s).
Phase 2 Constant propagation | Checksum: 1a9bf7d24

Time (s): cpu = 00:00:00.06 ; elapsed = 00:00:00.10 . Memory (MB): peak = 1885.457 ; gain = 0.000 ; free physical = 119 ; free virtual = 4581
INFO: [Opt 31-389] Phase Constant propagation created 0 cells and removed 0 cells

Phase 3 Sweep
Phase 3 Sweep | Checksum: 1a9bf7d24

Time (s): cpu = 00:00:00.07 ; elapsed = 00:00:00.11 . Memory (MB): peak = 1885.457 ; gain = 0.000 ; free physical = 118 ; free virtual = 4581
INFO: [Opt 31-389] Phase Sweep created 0 cells and removed 0 cells

Phase 4 BUFG optimization
Phase 4 BUFG optimization | Checksum: 1a9bf7d24

Time (s): cpu = 00:00:00.07 ; elapsed = 00:00:00.11 . Memory (MB): peak = 1885.457 ; gain = 0.000 ; free physical = 118 ; free virtual = 4581
INFO: [Opt 31-662] Phase BUFG optimization created 0 cells of which 0 are BUFGs and removed 0 cells.

Phase 5 Shift Register Optimization
Phase 5 Shift Register Optimization | Checksum: 1a9bf7d24

Time (s): cpu = 00:00:00.07 ; elapsed = 00:00:00.12 . Memory (MB): peak = 1885.457 ; gain = 0.000 ; free physical = 118 ; free virtual = 4581
INFO: [Opt 31-389] Phase Shift Register Optimization created 0 cells and removed 0 cells

Phase 6 Post Processing Netlist
Phase 6 Post Processing Netlist | Checksum: 1a9bf7d24

Time (s): cpu = 00:00:00.07 ; elapsed = 00:00:00.12 . Memory (MB): peak = 1885.457 ; gain = 0.000 ; free physical = 118 ; free virtual = 4581
INFO: [Opt 31-389] Phase Post Processing Netlist created 0 cells and removed 0 cells

Starting Connectivity Check Task

Time (s): cpu = 00:00:00 ; elapsed = 00:00:00 . Memory (MB): peak = 1885.457 ; gain = 0.000 ; free physical = 118 ; free virtual = 4581
Ending Logic Optimization Task | Checksum: 1a9bf7d24

Time (s): cpu = 00:00:00.07 ; elapsed = 00:00:00.12 . Memory (MB): peak = 1885.457 ; gain = 0.000 ; free physical = 118 ; free virtual = 4581

Starting Power Optimization Task
INFO: [Pwropt 34-132] Skipping clock gating for clocks with a period < 2.00 ns.
Ending Power Optimization Task | Checksum: 1a9bf7d24

Time (s): cpu = 00:00:00.02 ; elapsed = 00:00:00.04 . Memory (MB): peak = 1885.457 ; gain = 0.000 ; free physical = 116 ; free virtual = 4580

Starting Final Cleanup Task
Ending Final Cleanup Task | Checksum: 1a9bf7d24

Time (s): cpu = 00:00:00 ; elapsed = 00:00:00 . Memory (MB): peak = 1885.457 ; gain = 0.000 ; free physical = 116 ; free virtual = 4580
INFO: [Common 17-83] Releasing license: Implementation
27 Infos, 0 Warnings, 0 Critical Warnings and 0 Errors encountered.
opt_design completed successfully
INFO: [Timing 38-480] Writing timing data to binary archive.
Writing placer database...
Writing XDEF routing.
Writing XDEF routing logical nets.
Writing XDEF routing special nets.
Write XDEF Complete: Time (s): cpu = 00:00:00.07 ; elapsed = 00:00:00.04 . Memory (MB): peak = 1917.473 ; gain = 0.000 ; free physical = 106 ; free virtual = 4579
INFO: [Common 17-1381] The checkpoint '/home/andres/ZedBoard-Examples/SimpleButtonLed/SimpleButtonLed.runs/impl_1/blinkLed_opt.dcp' has been generated.
INFO: [runtcl-4] Executing : report_drc -file blinkLed_drc_opted.rpt -pb blinkLed_drc_opted.pb -rpx blinkLed_drc_opted.rpx
Command: report_drc -file blinkLed_drc_opted.rpt -pb blinkLed_drc_opted.pb -rpx blinkLed_drc_opted.rpx
INFO: [IP_Flow 19-234] Refreshing IP repositories
INFO: [IP_Flow 19-1704] No user IP repositories specified
INFO: [IP_Flow 19-2313] Loaded Vivado IP repository '/home/andres/Vivado/2018.2/data/ip'.
INFO: [DRC 23-27] Running DRC with 4 threads
INFO: [Coretcl 2-168] The results of DRC are in file /home/andres/ZedBoard-Examples/SimpleButtonLed/SimpleButtonLed.runs/impl_1/blinkLed_drc_opted.rpt.
report_drc completed successfully
Command: place_design
Attempting to get a license for feature 'Implementation' and/or device 'xc7z020'
INFO: [Common 17-349] Got license for feature 'Implementation' and/or device 'xc7z020'
INFO: [DRC 23-27] Running DRC with 4 threads
INFO: [Vivado_Tcl 4-198] DRC finished with 0 Errors
INFO: [Vivado_Tcl 4-199] Please refer to the DRC report (report_drc) for more information.
Running DRC as a precondition to command place_design
INFO: [DRC 23-27] Running DRC with 4 threads
INFO: [Vivado_Tcl 4-198] DRC finished with 0 Errors
INFO: [Vivado_Tcl 4-199] Please refer to the DRC report (report_drc) for more information.

Starting Placer Task
INFO: [Place 30-611] Multithreading enabled for place_design using a maximum of 4 CPUs

Phase 1 Placer Initialization

Phase 1.1 Placer Initialization Netlist Sorting
Netlist sorting complete. Time (s): cpu = 00:00:00 ; elapsed = 00:00:00 . Memory (MB): peak = 1953.086 ; gain = 0.000 ; free physical = 140 ; free virtual = 4573
Phase 1.1 Placer Initialization Netlist Sorting | Checksum: 162f88ba8

Time (s): cpu = 00:00:00.01 ; elapsed = 00:00:00.04 . Memory (MB): peak = 1953.086 ; gain = 0.000 ; free physical = 140 ; free virtual = 4573
Netlist sorting complete. Time (s): cpu = 00:00:00 ; elapsed = 00:00:00 . Memory (MB): peak = 1953.086 ; gain = 0.000 ; free physical = 140 ; free virtual = 4573

Phase 1.2 IO Placement/ Clock Placement/ Build Placer Device
INFO: [Timing 38-35] Done setting XDC timing constraints.
Phase 1.2 IO Placement/ Clock Placement/ Build Placer Device | Checksum: 162f88ba8

Time (s): cpu = 00:00:00.66 ; elapsed = 00:00:00.62 . Memory (MB): peak = 1953.086 ; gain = 0.000 ; free physical = 124 ; free virtual = 4572

Phase 1.3 Build Placer Netlist Model
Phase 1.3 Build Placer Netlist Model | Checksum: 1d185b4cd

Time (s): cpu = 00:00:00.73 ; elapsed = 00:00:00.69 . Memory (MB): peak = 1953.086 ; gain = 0.000 ; free physical = 121 ; free virtual = 4572

Phase 1.4 Constrain Clocks/Macros
Phase 1.4 Constrain Clocks/Macros | Checksum: 1d185b4cd

Time (s): cpu = 00:00:00.73 ; elapsed = 00:00:00.70 . Memory (MB): peak = 1953.086 ; gain = 0.000 ; free physical = 120 ; free virtual = 4572
Phase 1 Placer Initialization | Checksum: 1d185b4cd

Time (s): cpu = 00:00:00.73 ; elapsed = 00:00:00.70 . Memory (MB): peak = 1953.086 ; gain = 0.000 ; free physical = 120 ; free virtual = 4572

Phase 2 Final Placement Cleanup
Phase 2 Final Placement Cleanup | Checksum: 1d185b4cd

Time (s): cpu = 00:00:00.74 ; elapsed = 00:00:00.70 . Memory (MB): peak = 1953.086 ; gain = 0.000 ; free physical = 120 ; free virtual = 4572
INFO: [Place 30-281] No place-able instance is found; design doesn't contain any instance or all instances are placed
Ending Placer Task | Checksum: 162f88ba8

Time (s): cpu = 00:00:00.74 ; elapsed = 00:00:00.71 . Memory (MB): peak = 1953.086 ; gain = 0.000 ; free physical = 121 ; free virtual = 4574
INFO: [Common 17-83] Releasing license: Implementation
46 Infos, 0 Warnings, 0 Critical Warnings and 0 Errors encountered.
place_design completed successfully
INFO: [Timing 38-480] Writing timing data to binary archive.
Writing placer database...
Writing XDEF routing.
Writing XDEF routing logical nets.
Writing XDEF routing special nets.
Write XDEF Complete: Time (s): cpu = 00:00:00.06 ; elapsed = 00:00:00.03 . Memory (MB): peak = 1957.312 ; gain = 1.227 ; free physical = 119 ; free virtual = 4573
INFO: [Common 17-1381] The checkpoint '/home/andres/ZedBoard-Examples/SimpleButtonLed/SimpleButtonLed.runs/impl_1/blinkLed_placed.dcp' has been generated.
INFO: [runtcl-4] Executing : report_io -file blinkLed_io_placed.rpt
report_io: Time (s): cpu = 00:00:00.22 ; elapsed = 00:00:00.32 . Memory (MB): peak = 1971.234 ; gain = 6.000 ; free physical = 126 ; free virtual = 4556
INFO: [runtcl-4] Executing : report_utilization -file blinkLed_utilization_placed.rpt -pb blinkLed_utilization_placed.pb
report_utilization: Time (s): cpu = 00:00:00.19 ; elapsed = 00:00:00.30 . Memory (MB): peak = 1971.234 ; gain = 0.000 ; free physical = 139 ; free virtual = 4567
INFO: [runtcl-4] Executing : report_control_sets -verbose -file blinkLed_control_sets_placed.rpt
report_control_sets: Time (s): cpu = 00:00:00.13 ; elapsed = 00:00:00.18 . Memory (MB): peak = 1971.234 ; gain = 0.000 ; free physical = 137 ; free virtual = 4567
Command: route_design
Attempting to get a license for feature 'Implementation' and/or device 'xc7z020'
INFO: [Common 17-349] Got license for feature 'Implementation' and/or device 'xc7z020'
Running DRC as a precondition to command route_design
INFO: [DRC 23-27] Running DRC with 4 threads
INFO: [Vivado_Tcl 4-198] DRC finished with 0 Errors
INFO: [Vivado_Tcl 4-199] Please refer to the DRC report (report_drc) for more information.


Starting Routing Task
INFO: [Route 35-254] Multithreading enabled for route_design using a maximum of 4 CPUs
Checksum: PlaceDB: 6f433f2f ConstDB: 0 ShapeSum: f3b54c79 RouteDB: 0

Phase 1 Build RT Design
Phase 1 Build RT Design | Checksum: c2d06be9

Time (s): cpu = 00:00:43 ; elapsed = 00:00:37 . Memory (MB): peak = 2106.910 ; gain = 129.676 ; free physical = 119 ; free virtual = 4400
Post Restoration Checksum: NetGraph: 507a153e NumContArr: 725656ab Constraints: 0 Timing: 0

Phase 2 Router Initialization
INFO: [Route 35-64] No timing constraints were detected. The router will operate in resource-optimization mode.

Phase 2.1 Fix Topology Constraints
Phase 2.1 Fix Topology Constraints | Checksum: c2d06be9

Time (s): cpu = 00:00:43 ; elapsed = 00:00:37 . Memory (MB): peak = 2122.910 ; gain = 145.676 ; free physical = 116 ; free virtual = 4371

Phase 2.2 Pre Route Cleanup
Phase 2.2 Pre Route Cleanup | Checksum: c2d06be9

Time (s): cpu = 00:00:43 ; elapsed = 00:00:37 . Memory (MB): peak = 2122.910 ; gain = 145.676 ; free physical = 131 ; free virtual = 4360
Phase 2 Router Initialization | Checksum: c2d06be9

Time (s): cpu = 00:00:44 ; elapsed = 00:00:38 . Memory (MB): peak = 2128.965 ; gain = 151.730 ; free physical = 131 ; free virtual = 4362

Phase 3 Initial Routing
 Number of Nodes with overlaps = 0
Phase 3 Initial Routing | Checksum: 11e7b4951

Time (s): cpu = 00:00:44 ; elapsed = 00:00:38 . Memory (MB): peak = 2128.965 ; gain = 151.730 ; free physical = 139 ; free virtual = 4372

Phase 4 Rip-up And Reroute

Phase 4.1 Global Iteration 0
Phase 4.1 Global Iteration 0 | Checksum: 11e7b4951

Time (s): cpu = 00:00:44 ; elapsed = 00:00:38 . Memory (MB): peak = 2128.965 ; gain = 151.730 ; free physical = 139 ; free virtual = 4372
Phase 4 Rip-up And Reroute | Checksum: 11e7b4951

Time (s): cpu = 00:00:44 ; elapsed = 00:00:38 . Memory (MB): peak = 2128.965 ; gain = 151.730 ; free physical = 139 ; free virtual = 4372

Phase 5 Delay and Skew Optimization
Phase 5 Delay and Skew Optimization | Checksum: 11e7b4951

Time (s): cpu = 00:00:44 ; elapsed = 00:00:38 . Memory (MB): peak = 2128.965 ; gain = 151.730 ; free physical = 139 ; free virtual = 4372

Phase 6 Post Hold Fix

Phase 6.1 Hold Fix Iter
Phase 6.1 Hold Fix Iter | Checksum: 11e7b4951

Time (s): cpu = 00:00:44 ; elapsed = 00:00:38 . Memory (MB): peak = 2128.965 ; gain = 151.730 ; free physical = 139 ; free virtual = 4372
Phase 6 Post Hold Fix | Checksum: 11e7b4951

Time (s): cpu = 00:00:44 ; elapsed = 00:00:38 . Memory (MB): peak = 2128.965 ; gain = 151.730 ; free physical = 139 ; free virtual = 4372

Phase 7 Route finalize

Router Utilization Summary
  Global Vertical Routing Utilization    = 0.00295123 %
  Global Horizontal Routing Utilization  = 0.000169033 %
  Routable Net Status*
  *Does not include unroutable nets such as driverless and loadless.
  Run report_route_status for detailed report.
  Number of Failed Nets               = 0
  Number of Unrouted Nets             = 0
  Number of Partially Routed Nets     = 0
  Number of Node Overlaps             = 0

Congestion Report
North Dir 1x1 Area, Max Cong = 5.40541%, No Congested Regions.
South Dir 1x1 Area, Max Cong = 0%, No Congested Regions.
East Dir 1x1 Area, Max Cong = 1.47059%, No Congested Regions.
West Dir 1x1 Area, Max Cong = 1.47059%, No Congested Regions.

------------------------------
Reporting congestion hotspots
------------------------------
Direction: North
----------------
Congested clusters found at Level 0
Effective congestion level: 0 Aspect Ratio: 1 Sparse Ratio: 0
Direction: South
----------------
Congested clusters found at Level 0
Effective congestion level: 0 Aspect Ratio: 1 Sparse Ratio: 0
Direction: East
----------------
Congested clusters found at Level 0
Effective congestion level: 0 Aspect Ratio: 1 Sparse Ratio: 0
Direction: West
----------------
Congested clusters found at Level 0
Effective congestion level: 0 Aspect Ratio: 1 Sparse Ratio: 0

Phase 7 Route finalize | Checksum: 11e7b4951

Time (s): cpu = 00:00:45 ; elapsed = 00:00:38 . Memory (MB): peak = 2128.965 ; gain = 151.730 ; free physical = 137 ; free virtual = 4372

Phase 8 Verifying routed nets

 Verification completed successfully
Phase 8 Verifying routed nets | Checksum: 11e7b4951

Time (s): cpu = 00:00:45 ; elapsed = 00:00:38 . Memory (MB): peak = 2131.965 ; gain = 154.730 ; free physical = 136 ; free virtual = 4370

Phase 9 Depositing Routes
Phase 9 Depositing Routes | Checksum: 11e7b4951

Time (s): cpu = 00:00:45 ; elapsed = 00:00:38 . Memory (MB): peak = 2131.965 ; gain = 154.730 ; free physical = 135 ; free virtual = 4371
INFO: [Route 35-16] Router Completed Successfully

Time (s): cpu = 00:00:45 ; elapsed = 00:00:38 . Memory (MB): peak = 2131.965 ; gain = 154.730 ; free physical = 147 ; free virtual = 4387

Routing Is Done.
INFO: [Common 17-83] Releasing license: Implementation
59 Infos, 0 Warnings, 0 Critical Warnings and 0 Errors encountered.
route_design completed successfully
route_design: Time (s): cpu = 00:00:46 ; elapsed = 00:00:39 . Memory (MB): peak = 2131.965 ; gain = 160.730 ; free physical = 136 ; free virtual = 4387
INFO: [Timing 38-480] Writing timing data to binary archive.
Writing placer database...
Writing XDEF routing.
Writing XDEF routing logical nets.
Writing XDEF routing special nets.
Write XDEF Complete: Time (s): cpu = 00:00:00.07 ; elapsed = 00:00:00.04 . Memory (MB): peak = 2139.969 ; gain = 0.000 ; free physical = 121 ; free virtual = 4387
INFO: [Common 17-1381] The checkpoint '/home/andres/ZedBoard-Examples/SimpleButtonLed/SimpleButtonLed.runs/impl_1/blinkLed_routed.dcp' has been generated.
INFO: [runtcl-4] Executing : report_drc -file blinkLed_drc_routed.rpt -pb blinkLed_drc_routed.pb -rpx blinkLed_drc_routed.rpx
Command: report_drc -file blinkLed_drc_routed.rpt -pb blinkLed_drc_routed.pb -rpx blinkLed_drc_routed.rpx
INFO: [DRC 23-27] Running DRC with 4 threads
INFO: [Coretcl 2-168] The results of DRC are in file /home/andres/ZedBoard-Examples/SimpleButtonLed/SimpleButtonLed.runs/impl_1/blinkLed_drc_routed.rpt.
report_drc completed successfully
INFO: [runtcl-4] Executing : report_methodology -file blinkLed_methodology_drc_routed.rpt -pb blinkLed_methodology_drc_routed.pb -rpx blinkLed_methodology_drc_routed.rpx
Command: report_methodology -file blinkLed_methodology_drc_routed.rpt -pb blinkLed_methodology_drc_routed.pb -rpx blinkLed_methodology_drc_routed.rpx
INFO: [Timing 38-35] Done setting XDC timing constraints.
INFO: [Timing 38-35] Done setting XDC timing constraints.
INFO: [DRC 23-133] Running Methodology with 4 threads
INFO: [Coretcl 2-1520] The results of Report Methodology are in file /home/andres/ZedBoard-Examples/SimpleButtonLed/SimpleButtonLed.runs/impl_1/blinkLed_methodology_drc_routed.rpt.
report_methodology completed successfully
INFO: [runtcl-4] Executing : report_power -file blinkLed_power_routed.rpt -pb blinkLed_power_summary_routed.pb -rpx blinkLed_power_routed.rpx
Command: report_power -file blinkLed_power_routed.rpt -pb blinkLed_power_summary_routed.pb -rpx blinkLed_power_routed.rpx
WARNING: [Power 33-232] No user defined clocks were found in the design!
Resolution: Please specify clocks using create_clock/create_generated_clock for sequential elements. For pure combinatorial circuits, please specify a virtual clock, otherwise the vectorless estimation might be inaccurate
INFO: [Timing 38-35] Done setting XDC timing constraints.
Running Vector-less Activity Propagation...

Finished Running Vector-less Activity Propagation
71 Infos, 1 Warnings, 0 Critical Warnings and 0 Errors encountered.
report_power completed successfully
INFO: [runtcl-4] Executing : report_route_status -file blinkLed_route_status.rpt -pb blinkLed_route_status.pb
INFO: [runtcl-4] Executing : report_timing_summary -max_paths 10 -file blinkLed_timing_summary_routed.rpt -pb blinkLed_timing_summary_routed.pb -rpx blinkLed_timing_summary_routed.rpx -warn_on_violation 
INFO: [Timing 38-91] UpdateTimingParams: Speed grade: -1, Delay Type: min_max, Timing Stage: Requireds.
INFO: [Timing 38-191] Multithreading enabled for timing update using a maximum of 4 CPUs
WARNING: [Timing 38-313] There are no user specified timing constraints. Timing constraints are needed for proper timing analysis.
INFO: [runtcl-4] Executing : report_incremental_reuse -file blinkLed_incremental_reuse_routed.rpt
INFO: [Vivado_Tcl 4-545] No incremental reuse to report, no incremental placement and routing data was found.
INFO: [runtcl-4] Executing : report_clock_utilization -file blinkLed_clock_utilization_routed.rpt
INFO: [runtcl-4] Executing : report_bus_skew -warn_on_violation -file blinkLed_bus_skew_routed.rpt -pb blinkLed_bus_skew_routed.pb -rpx blinkLed_bus_skew_routed.rpx
INFO: [Timing 38-91] UpdateTimingParams: Speed grade: -1, Delay Type: min_max, Timing Stage: Requireds.
INFO: [Timing 38-191] Multithreading enabled for timing update using a maximum of 4 CPUs
Command: write_bitstream -force blinkLed.bit
Attempting to get a license for feature 'Implementation' and/or device 'xc7z020'
INFO: [Common 17-349] Got license for feature 'Implementation' and/or device 'xc7z020'
Running DRC as a precondition to command write_bitstream
INFO: [DRC 23-27] Running DRC with 4 threads
WARNING: [DRC ZPS7-1] PS7 block required: The PS7 cell must be used in this Zynq design in order to enable correct default configuration.
INFO: [Vivado 12-3199] DRC finished with 0 Errors, 1 Warnings
INFO: [Vivado 12-3200] Please refer to the DRC report (report_drc) for more information.
INFO: [Designutils 20-2272] Running write_bitstream with 4 threads.
Loading data files...
Loading site data...
Loading route data...
Processing options...
Creating bitmap...
Creating bitstream...
Writing bitstream ./blinkLed.bit...
INFO: [Vivado 12-1842] Bitgen Completed Successfully.
INFO: [Project 1-120] WebTalk data collection is mandatory when using a WebPACK part without a full Vivado license. To see the specific WebTalk data collected for your design, open the usage_statistics_webtalk.html or usage_statistics_webtalk.xml file in the implementation directory.
INFO: [Common 17-186] '/home/andres/ZedBoard-Examples/SimpleButtonLed/SimpleButtonLed.runs/impl_1/usage_statistics_webtalk.xml' has been successfully sent to Xilinx on Sun Oct  7 23:49:50 2018. For additional details about this file, please refer to the WebTalk help file at /home/andres/Vivado/2018.2/doc/webtalk_introduction.html.
INFO: [Common 17-83] Releasing license: Implementation
90 Infos, 3 Warnings, 0 Critical Warnings and 0 Errors encountered.
write_bitstream completed successfully
write_bitstream: Time (s): cpu = 00:00:19 ; elapsed = 00:00:25 . Memory (MB): peak = 2511.371 ; gain = 350.785 ; free physical = 365 ; free virtual = 4445
INFO: [Common 17-206] Exiting Vivado at Sun Oct  7 23:49:50 2018...
